[2022-05-13 00:08:40,890,387] [Launching MLSBot ...]
[2022-05-13 00:08:40,891,388] [Starting Scraper ...]
[2022-05-13 00:08:43,163,205] [Signing-in to the MLS Matrix]
[2022-05-13 00:08:43,164,206] [Requesting MLSMatrix: https://ntrdd.mlsmatrix.com/]
[2022-05-13 00:08:55,576,209] [Signing-in normally]
[2022-05-13 00:08:55,578,212] [Waiting for login fields to become visible]
[2022-05-13 00:08:55,662,215] [Filling username: D126991]
[2022-05-13 00:08:57,966,220] [Filling password: Master1!]
[2022-05-13 00:08:59,227,224] [Signing in]
[2022-05-13 00:09:14,819,228] [Waiting for MLSMatrix profile to become visible]
[2022-05-13 00:09:16,535,230] [Profile has been visible]
[2022-05-13 00:09:16,535,231] [Successfully logged in]
[2022-05-13 00:09:16,536,248] [Requesting: https://ntrdd.mlsmatrix.com/Matrix/Search/Land/Detailed]
[2022-05-13 00:09:23,084,251] [Waiting for map]
[2022-05-13 00:09:23,322,254] [Waiting for search box]
[2022-05-13 00:09:33,332,265] [Searching in: Dallas county]
[2022-05-13 00:09:57,742,279] [Zooming in]
[2022-05-13 00:10:03,117,290] [Selecting property at: [1015, 434]]
[2022-05-13 00:10:15,380,290] [Selecting property at: [813, 432]]
[2022-05-13 00:10:27,657,290] [Selecting property at: [930, 405]]
[2022-05-13 00:10:39,951,290] [Selecting property at: [1108, 387]]
[2022-05-13 00:10:52,235,290] [Selecting property at: [541, 434]]
[2022-05-13 00:10:53,655,300] [Property already scraped: 5950 Stacy Lane, Weatherford, TX 76087-7986]
[2022-05-13 00:10:54,772,290] [Selecting property at: [265, 350]]
[2022-05-13 00:10:54,989,300] [Property already scraped: 5950 Stacy Lane, Weatherford, TX 76087-7986]
[2022-05-13 00:10:56,108,290] [Selecting property at: [397, 515]]
[2022-05-13 00:10:57,961,300] [Property already scraped: 5950 Stacy Lane, Weatherford, TX 76087-7986]
[2022-05-13 00:10:59,069,290] [Selecting property at: [466, 420]]
[2022-05-13 00:10:59,289,300] [Property already scraped: 5950 Stacy Lane, Weatherford, TX 76087-7986]
[2022-05-13 00:11:00,404,290] [Selecting property at: [992, 511]]
[2022-05-13 00:11:00,601,300] [Property already scraped: 5950 Stacy Lane, Weatherford, TX 76087-7986]
[2022-05-13 00:11:01,715,290] [Selecting property at: [1026, 379]]
[2022-05-13 00:11:14,013,290] [Selecting property at: [1021, 519]]
[2022-05-13 00:11:26,281,290] [Selecting property at: [988, 484]]
[2022-05-13 00:11:38,582,290] [Selecting property at: [406, 445]]
[2022-05-13 00:11:41,612,290] [Selecting property at: [210, 366]]
[2022-05-13 00:11:43,058,290] [Selecting property at: [210, 366]]
[2022-05-13 00:11:44,539,290] [Selecting property at: [1026, 379]]
[2022-05-13 00:11:46,608,290] [Selecting property at: [433, 495]]
[2022-05-13 00:11:48,055,313] [Property details: Address: Fm 3325, Weatherford, TX 76087, Owner Name: Crosstex North Texas Gataherin & !g A Texas Limited Prtnrshp, Structure: 5.26 Acres, Area: 5.26 Acres]
[2022-05-13 00:11:48,056,316] [Property didn't match the filters, moving on ...]
[2022-05-13 00:11:49,177,290] [Selecting property at: [955, 448]]
[2022-05-13 00:11:50,131,313] [Property details: Address: Fm 3325, Weatherford, TX 76087, Owner Name: Crosstex North Texas Gataherin & !g A Texas Limited Prtnrshp, Structure: 5.26 Acres, Area: 5.26 Acres]
[2022-05-13 00:11:50,132,316] [Property didn't match the filters, moving on ...]
[2022-05-13 00:11:51,254,290] [Selecting property at: [341, 492]]
[2022-05-13 00:11:53,854,290] [Selecting property at: [1026, 379]]
[2022-05-13 00:11:55,814,290] [Selecting property at: [433, 495]]
[2022-05-13 00:11:58,772,313] [Property details: Address: 1475 Farmer Road, Weatherford, TX 76087, Owner Name: Brazos Electric Power Cooperat & !ive Inc, Structure: 42.50 Acres, Area: 42.5 Acres]
[2022-05-13 00:11:58,772,316] [Property didn't match the filters, moving on ...]
[2022-05-13 00:11:59,894,290] [Selecting property at: [265, 364]]
[2022-05-13 00:12:00,253,313] [Property details: Address: 1475 Farmer Road, Weatherford, TX 76087, Owner Name: Brazos Electric Power Cooperat & !ive Inc, Structure: 42.50 Acres, Area: 42.5 Acres]
[2022-05-13 00:12:00,254,316] [Property didn't match the filters, moving on ...]
[2022-05-13 00:12:01,375,290] [Selecting property at: [204, 381]]
[2022-05-13 00:12:01,771,313] [Property details: Address: 1475 Farmer Road, Weatherford, TX 76087, Owner Name: Brazos Electric Power Cooperat & !ive Inc, Structure: 42.50 Acres, Area: 42.5 Acres]
[2022-05-13 00:12:01,772,316] [Property didn't match the filters, moving on ...]
[2022-05-13 00:12:02,887,290] [Selecting property at: [406, 445]]
[2022-05-13 00:12:03,192,313] [Property details: Address: 1475 Farmer Road, Weatherford, TX 76087, Owner Name: Brazos Electric Power Cooperat & !ive Inc, Structure: 42.50 Acres, Area: 42.5 Acres]
[2022-05-13 00:12:03,193,316] [Property didn't match the filters, moving on ...]
[2022-05-13 00:12:04,307,290] [Selecting property at: [813, 432]]
[2022-05-13 00:12:06,290,290] [Selecting property at: [341, 492]]
[2022-05-13 00:12:07,940,313] [Property details: Address: 1475 Farmer Road, Weatherford, TX 76087, Owner Name: Brazos Electric Power Cooperat & !ive Inc, Structure: 42.50 Acres, Area: 42.5 Acres]
[2022-05-13 00:12:07,940,316] [Property didn't match the filters, moving on ...]
[2022-05-13 00:12:09,054,290] [Selecting property at: [341, 492]]
[2022-05-13 00:12:09,365,313] [Property details: Address: 1475 Farmer Road, Weatherford, TX 76087, Owner Name: Brazos Electric Power Cooperat & !ive Inc, Structure: 42.50 Acres, Area: 42.5 Acres]
[2022-05-13 00:12:09,366,316] [Property didn't match the filters, moving on ...]
[2022-05-13 00:12:10,481,290] [Selecting property at: [1000, 299]]
[2022-05-13 00:12:13,563,290] [Selecting property at: [204, 381]]
[2022-05-13 00:12:25,835,290] [Selecting property at: [457, 443]]
[2022-05-13 00:12:38,079,290] [Selecting property at: [1015, 434]]
[2022-05-13 00:12:50,370,290] [Selecting property at: [1094, 481]]
[2022-05-13 00:13:02,657,290] [Selecting property at: [1026, 379]]
[2022-05-13 00:13:14,917,290] [Selecting property at: [1108, 387]]
[2022-05-13 00:13:27,182,290] [Selecting property at: [813, 432]]
[2022-05-13 00:13:29,028,313] [Property details: Address: 11520 Fm Road 4, Graford, TX 76449-5925, Owner Name: Keith Ragle, Structure: 5,280 SqFt, 160.00 Acres, Area: 160.0 Acres]
[2022-05-13 00:13:29,029,319] [Property didn't match the filters, moving on ...]
[2022-05-13 00:13:30,143,290] [Selecting property at: [541, 434]]
[2022-05-13 00:13:32,242,290] [Selecting property at: [953, 421]]
[2022-05-13 00:13:44,530,290] [Selecting property at: [1094, 481]]
[2022-05-13 00:13:56,777,290] [Selecting property at: [448, 366]]
[2022-05-13 00:14:09,048,290] [Selecting property at: [265, 364]]
[2022-05-13 00:14:21,346,290] [Selecting property at: [988, 484]]
[2022-05-13 00:14:33,605,290] [Selecting property at: [724, 500]]
[2022-05-13 00:14:45,887,290] [Selecting property at: [867, 464]]
[2022-05-13 00:14:58,159,290] [Selecting property at: [1015, 434]]
[2022-05-13 00:15:10,390,290] [Selecting property at: [1094, 481]]
[2022-05-13 00:15:22,665,290] [Selecting property at: [185, 486]]
[2022-05-13 00:15:35,035,290] [Selecting property at: [1094, 481]]
[2022-05-13 00:15:42,955,313] [Property details: Address: 1201 Stafford Road, Weatherford, TX 76088-1426, Owner Name: Lisa Corey & Scott Corey, Structure: 2,940 SqFt, Built in 1985, 1.00 Acres, Area: 1.0 Acres]
[2022-05-13 00:15:42,956,319] [Property didn't match the filters, moving on ...]
[2022-05-13 00:15:44,066,290] [Selecting property at: [1243, 288]]
[2022-05-13 00:15:46,203,290] [Selecting property at: [867, 464]]
[2022-05-13 00:15:46,609,313] [Property details: Address: 9061 Fm 1885, Weatherford, TX 76088-1445, Owner Name: Lawanda Osborn, Structure: 15.67 Acres, Area: 15.67 Acres]
[2022-05-13 00:15:46,668,333] [Property matched the filters, scraping property details ...]
[2022-05-13 00:15:46,930,343] [Waiting for owner name ...]
[2022-05-13 00:15:53,148,368] [Saving property: {'Owners Name': 'Osborn Lawanda H', 'Property Address': '9061 Fm 1885, Weatherford, TX 76088-1445', 'Property State': 'TX', 'Property City': 'Weatherford', 'Property Zip Code': '76088-1445', 'Mailing Address': '9061 Fm 1885', 'Mailing State': 'Tx', 'Mailing City': 'Weatherford', 'Mailing Zip Code': '76088'}]
[2022-05-13 00:15:53,152,373] [Property has been saved to: E:\AliData\BotFlocks\AliBots\MLSMatrixBot\MLSRes\LandProperties.csv]
[2022-05-13 00:15:54,274,290] [Selecting property at: [448, 366]]
[2022-05-13 00:15:54,505,300] [Property already scraped: 9061 Fm 1885, Weatherford, TX 76088-1445]
[2022-05-13 00:15:55,630,290] [Selecting property at: [1108, 387]]
[2022-05-13 00:15:59,466,313] [Property details: Address: 1010 W Fm 1885, Weatherford, TX 76088-1433, Owner Name: Jeremy Jones & Kristina Jones, Structure: 14.65 Acres, Area: 14.65 Acres]
[2022-05-13 00:15:59,567,326] [Property last sold: Last sold on 04/23/2021, moving on]
[2022-05-13 00:16:00,682,290] [Selecting property at: [466, 420]]
[2022-05-13 00:16:02,866,290] [Selecting property at: [406, 445]]
[2022-05-13 00:16:15,118,290] [Selecting property at: [1108, 387]]
[2022-05-13 00:16:27,380,290] [Selecting property at: [265, 350]]
